<?xml version="1.0" encoding="UTF-8"?>
<!-- Generated by org.testng.reporters.JUnitXMLReporter -->
<testsuite hostname="DESKTOP-UG8TVNV" ignored="0" name="Default test" tests="4" failures="0" timestamp="03 Aug 2020 07:21:26 GMT" time="0.153" errors="0">
  <testcase name="logi" time="0.043" classname="org.sample.Sample"/>
  <testcase name="logoutapp" time="0.004" classname="org.sample.Sample"/>
  <testcase name="te" time="0.006" classname="org.sample.Sample"/>
  <testcase name="te11" time="0.008" classname="org.sample.Sample"/>
</testsuite> <!-- Default test -->
