<?xml version="1.0" encoding="UTF-8"?>
<!-- Generated by org.testng.reporters.JUnitXMLReporter -->
<testsuite hostname="DESKTOP-UG8TVNV" ignored="2" name="Regression" tests="2" failures="0" timestamp="03 Aug 2020 07:25:22 GMT" time="0.131" errors="0">
  <testcase name="logoutapp" time="0.041" classname="org.sample.Sample"/>
  <testcase name="te" time="0.004" classname="org.sample.Sample"/>
  <testcase name="logi" time="0.0" classname="org.sample.Sample">
    <ignored/>
  </testcase> <!-- logi -->
  <testcase name="te11" time="0.0" classname="org.sample.Sample">
    <ignored/>
  </testcase> <!-- te11 -->
</testsuite> <!-- Regression -->
